<?xml version="1.0" encoding="UTF-8"?>
<testng-results ignored="0" total="1" passed="1" failed="0" skipped="0">
  <reporter-output>
  </reporter-output>
  <suite started-at="2024-06-12T17:06:25 IST" name="Default suite" finished-at="2024-06-12T17:06:29 IST" duration-ms="3713">
    <groups>
    </groups>
    <test started-at="2024-06-12T17:06:25 IST" name="Default test" finished-at="2024-06-12T17:06:29 IST" duration-ms="3713">
      <class name="Test1.TestDemo1">
        <test-method signature="LoginTest1()[pri:0, instance:Test1.TestDemo1@5c33f1a9]" started-at="2024-06-12T17:06:25 IST" name="LoginTest1" finished-at="2024-06-12T17:06:29 IST" duration-ms="3653" status="PASS">
          <reporter-output>
          </reporter-output>
        </test-method> <!-- LoginTest1 -->
      </class> <!-- Test1.TestDemo1 -->
    </test> <!-- Default test -->
  </suite> <!-- Default suite -->
</testng-results>
