<?xml version="1.0" encoding="UTF-8"?>
<testng-results ignored="0" total="1" passed="1" failed="0" skipped="0">
  <reporter-output>
  </reporter-output>
  <suite started-at="2024-06-12T19:10:31 IST" name="Surefire suite" finished-at="2024-06-12T19:10:38 IST" duration-ms="6798">
    <groups>
    </groups>
    <test started-at="2024-06-12T19:10:31 IST" name="Surefire test" finished-at="2024-06-12T19:10:38 IST" duration-ms="6798">
      <class name="Test1.TestDemo1">
        <test-method signature="LoginTest1()[pri:0, instance:Test1.TestDemo1@501edcf1]" started-at="2024-06-12T19:10:31 IST" name="LoginTest1" finished-at="2024-06-12T19:10:38 IST" duration-ms="6762" status="PASS">
          <reporter-output>
          </reporter-output>
        </test-method> <!-- LoginTest1 -->
      </class> <!-- Test1.TestDemo1 -->
    </test> <!-- Surefire test -->
  </suite> <!-- Surefire suite -->
</testng-results>
